<?xml version="1.0" encoding="UTF-8"?>
<testng-results skipped="0" failed="0" ignored="0" total="1" passed="1">
  <reporter-output>
  </reporter-output>
  <suite name="Default suite" duration-ms="40133" started-at="2018-12-22T14:01:01Z" finished-at="2018-12-22T14:01:42Z">
    <groups>
    </groups>
    <test name="Default test" duration-ms="40133" started-at="2018-12-22T14:01:01Z" finished-at="2018-12-22T14:01:42Z">
      <class name="com.training.regression.tests.ModifyProfileTest">
        <test-method status="PASS" signature="setUpBeforeClass()[pri:0, instance:com.training.regression.tests.ModifyProfileTest@6a41eaa2]" name="setUpBeforeClass" is-config="true" duration-ms="29" started-at="2018-12-22T14:01:01Z" finished-at="2018-12-22T14:01:01Z">
          <reporter-output>
          </reporter-output>
        </test-method> <!-- setUpBeforeClass -->
        <test-method status="PASS" signature="setUp()[pri:0, instance:com.training.regression.tests.ModifyProfileTest@6a41eaa2]" name="setUp" is-config="true" duration-ms="35844" started-at="2018-12-22T14:01:01Z" finished-at="2018-12-22T14:01:37Z">
          <reporter-output>
          </reporter-output>
        </test-method> <!-- setUp -->
        <test-method status="PASS" signature="validLoginTest()[pri:0, instance:com.training.regression.tests.ModifyProfileTest@6a41eaa2]" name="validLoginTest" duration-ms="2387" started-at="2018-12-22T14:01:37Z" finished-at="2018-12-22T14:01:40Z">
          <reporter-output>
          </reporter-output>
        </test-method> <!-- validLoginTest -->
        <test-method status="PASS" signature="tearDown()[pri:0, instance:com.training.regression.tests.ModifyProfileTest@6a41eaa2]" name="tearDown" is-config="true" duration-ms="1838" started-at="2018-12-22T14:01:40Z" finished-at="2018-12-22T14:01:42Z">
          <reporter-output>
          </reporter-output>
        </test-method> <!-- tearDown -->
      </class> <!-- com.training.regression.tests.ModifyProfileTest -->
    </test> <!-- Default test -->
  </suite> <!-- Default suite -->
</testng-results>
